  [1m[36mSQL (0.3ms)[0m  [1m SELECT name
 FROM sqlite_master
 WHERE type = 'table' AND NOT name = 'sqlite_sequence'
[0m
  [1m[35mSQL (0.1ms)[0m  select sqlite_version(*)
  [1m[36mSQL (1.4ms)[0m  [1mCREATE TABLE "schema_migrations" ("version" varchar(255) NOT NULL) [0m
  [1m[35mSQL (0.0ms)[0m  PRAGMA index_list("schema_migrations")
  [1m[36mSQL (1.7ms)[0m  [1mCREATE UNIQUE INDEX "unique_schema_migrations" ON "schema_migrations" ("version")[0m
  [1m[35mSQL (0.1ms)[0m   SELECT name
 FROM sqlite_master
 WHERE type = 'table' AND NOT name = 'sqlite_sequence'
  [1m[36mSQL (0.1ms)[0m  [1m SELECT name
 FROM sqlite_master
 WHERE type = 'table' AND NOT name = 'sqlite_sequence'
[0m
  [1m[35mSQL (0.1ms)[0m  SELECT "schema_migrations"."version" FROM "schema_migrations"
Migrating to CreateTodos (20110414192736)
  [1m[36mSQL (0.4ms)[0m  [1m SELECT name
 FROM sqlite_master
 WHERE type = 'table' AND NOT name = 'sqlite_sequence'
[0m
  [1m[35mSQL (0.1ms)[0m   SELECT name
 FROM sqlite_master
 WHERE type = 'table' AND NOT name = 'sqlite_sequence'
  [1m[36mSQL (0.1ms)[0m  [1mSELECT "schema_migrations"."version" FROM "schema_migrations"[0m
Migrating to CreateEntries (20110414192941)
  [1m[35mSQL (0.1ms)[0m  select sqlite_version(*)
  [1m[36mSQL (0.6ms)[0m  [1mCREATE TABLE "entries" ("id" INTEGER PRIMARY KEY AUTOINCREMENT NOT NULL, "user" varchar(255), "group" varchar(255), "todo" varchar(255), "created_at" datetime, "updated_at" datetime) [0m
  [1m[35mSQL (0.1ms)[0m  INSERT INTO "schema_migrations" ("version") VALUES ('20110414192941')
Migrating to CreateTododetails (20110414193130)
  [1m[36mSQL (0.3ms)[0m  [1mCREATE TABLE "tododetails" ("id" INTEGER PRIMARY KEY AUTOINCREMENT NOT NULL, "todo" varchar(255), "place" varchar(255), "note" text, "tag" text, "group" varchar(255), "status" varchar(255), "delivered" varchar(255), "created_at" datetime, "updated_at" datetime) [0m
  [1m[35mSQL (0.1ms)[0m  INSERT INTO "schema_migrations" ("version") VALUES ('20110414193130')
  [1m[36mSQL (0.2ms)[0m  [1m SELECT name
 FROM sqlite_master
 WHERE type = 'table' AND NOT name = 'sqlite_sequence'
[0m
  [1m[35mSQL (0.1ms)[0m  SELECT "schema_migrations"."version" FROM "schema_migrations"
  [1m[36mSQL (0.1ms)[0m  [1m SELECT name
 FROM sqlite_master
 WHERE type = 'table' AND NOT name = 'sqlite_sequence'
[0m
  [1m[35mSQL (0.0ms)[0m  PRAGMA index_list("entries")
  [1m[36mSQL (0.0ms)[0m  [1mPRAGMA index_list("tododetails")[0m


Started GET "/" for 127.0.0.1 at Thu Apr 14 12:34:24 -0700 2011

ActionController::RoutingError (uninitialized constant WelcomeController):
  

Rendered /Library/Ruby/Gems/1.8/gems/actionpack-3.0.6/lib/action_dispatch/middleware/templates/rescues/routing_error.erb within rescues/layout (0.9ms)


Started GET "/" for 127.0.0.1 at Thu Apr 14 12:34:29 -0700 2011

ActionController::RoutingError (uninitialized constant WelcomeController):
  

Rendered /Library/Ruby/Gems/1.8/gems/actionpack-3.0.6/lib/action_dispatch/middleware/templates/rescues/routing_error.erb within rescues/layout (0.9ms)


Started GET "/" for 127.0.0.1 at Thu Apr 14 12:35:38 -0700 2011
  Processing by HomeController#index as HTML
Rendered home/index.html.erb within layouts/application (3.2ms)
Completed 200 OK in 11ms (Views: 11.0ms | ActiveRecord: 0.0ms)


Started GET "/tododetails" for 127.0.0.1 at Thu Apr 14 12:35:40 -0700 2011
  Processing by TododetailsController#index as HTML
  [1m[36mTododetail Load (0.5ms)[0m  [1mSELECT "tododetails".* FROM "tododetails"[0m
Rendered tododetails/index.html.erb within layouts/application (3.3ms)
Completed 200 OK in 104ms (Views: 10.7ms | ActiveRecord: 0.5ms)


Started GET "/tododetails/new" for 127.0.0.1 at Thu Apr 14 12:35:41 -0700 2011
  Processing by TododetailsController#new as HTML
Rendered tododetails/_form.html.erb (89.5ms)
Rendered tododetails/new.html.erb within layouts/application (94.7ms)
Completed 200 OK in 108ms (Views: 101.9ms | ActiveRecord: 0.0ms)


Started GET "/tododetails" for 127.0.0.1 at Thu Apr 14 12:35:45 -0700 2011
  Processing by TododetailsController#index as HTML
  [1m[35mTododetail Load (0.4ms)[0m  SELECT "tododetails".* FROM "tododetails"
Rendered tododetails/index.html.erb within layouts/application (3.4ms)
Completed 200 OK in 16ms (Views: 10.6ms | ActiveRecord: 0.4ms)


Started GET "/tododetails/new" for 127.0.0.1 at Thu Apr 14 12:35:48 -0700 2011
  Processing by TododetailsController#new as HTML
Rendered tododetails/_form.html.erb (92.5ms)
Rendered tododetails/new.html.erb within layouts/application (99.1ms)
Completed 200 OK in 114ms (Views: 107.7ms | ActiveRecord: 0.0ms)


Started GET "/tododetails" for 127.0.0.1 at Thu Apr 14 12:35:50 -0700 2011
  Processing by TododetailsController#index as HTML
  [1m[36mTododetail Load (0.4ms)[0m  [1mSELECT "tododetails".* FROM "tododetails"[0m
Rendered tododetails/index.html.erb within layouts/application (3.4ms)
Completed 200 OK in 18ms (Views: 11.0ms | ActiveRecord: 0.4ms)


Started GET "/" for 127.0.0.1 at Thu Apr 14 12:35:50 -0700 2011
  Processing by HomeController#index as HTML
Rendered home/index.html.erb within layouts/application (3.0ms)
Completed 200 OK in 11ms (Views: 11.0ms | ActiveRecord: 0.0ms)


Started GET "/entries" for 127.0.0.1 at Thu Apr 14 12:35:52 -0700 2011
  Processing by EntriesController#index as HTML
  [1m[35mEntry Load (0.4ms)[0m  SELECT "entries".* FROM "entries"
Rendered entries/index.html.erb within layouts/application (3.1ms)
Completed 200 OK in 18ms (Views: 12.5ms | ActiveRecord: 0.4ms)


Started GET "/entries/new" for 127.0.0.1 at Thu Apr 14 12:35:53 -0700 2011
  Processing by EntriesController#new as HTML
Rendered entries/_form.html.erb (83.9ms)
Rendered entries/new.html.erb within layouts/application (89.9ms)
Completed 200 OK in 104ms (Views: 98.5ms | ActiveRecord: 0.0ms)


Started GET "/entries" for 127.0.0.1 at Thu Apr 14 12:35:54 -0700 2011
  Processing by EntriesController#index as HTML
  [1m[36mEntry Load (0.4ms)[0m  [1mSELECT "entries".* FROM "entries"[0m
Rendered entries/index.html.erb within layouts/application (3.1ms)
Completed 200 OK in 17ms (Views: 10.2ms | ActiveRecord: 0.4ms)


Started GET "/" for 127.0.0.1 at Thu Apr 14 12:35:54 -0700 2011
  Processing by HomeController#index as HTML
Rendered home/index.html.erb within layouts/application (3.9ms)
Completed 200 OK in 17ms (Views: 16.0ms | ActiveRecord: 0.0ms)


Started GET "/" for 127.0.0.1 at Thu Apr 14 12:46:20 -0700 2011
  Processing by HomeController#index as HTML
Rendered home/index.html.erb within layouts/application (16.8ms)
Completed 200 OK in 34ms (Views: 32.7ms | ActiveRecord: 0.0ms)


Started GET "/" for 127.0.0.1 at Thu Apr 14 12:46:31 -0700 2011
  Processing by HomeController#index as HTML
Rendered home/index.html.erb within layouts/application (3.2ms)
Completed 200 OK in 11ms (Views: 10.4ms | ActiveRecord: 0.0ms)


Started GET "/entries" for 127.0.0.1 at Thu Apr 14 13:17:29 -0700 2011
  Processing by EntriesController#index as HTML
  [1m[35mEntry Load (0.9ms)[0m  SELECT "entries".* FROM "entries"
Rendered entries/index.html.erb within layouts/application (18.3ms)
Completed 200 OK in 108ms (Views: 37.3ms | ActiveRecord: 0.9ms)


Started GET "/" for 127.0.0.1 at Thu Apr 14 13:17:33 -0700 2011
  Processing by HomeController#index as HTML
Rendered home/index.html.erb within layouts/application (11.3ms)
Completed 200 OK in 25ms (Views: 23.8ms | ActiveRecord: 0.0ms)


Started GET "/tododetails" for 127.0.0.1 at Thu Apr 14 13:17:34 -0700 2011
  Processing by TododetailsController#index as HTML
  [1m[36mTododetail Load (0.8ms)[0m  [1mSELECT "tododetails".* FROM "tododetails"[0m
Rendered tododetails/index.html.erb within layouts/application (3.3ms)
Completed 200 OK in 18ms (Views: 11.2ms | ActiveRecord: 0.8ms)


Started GET "/" for 127.0.0.1 at Thu Apr 14 13:17:36 -0700 2011
  Processing by HomeController#index as HTML
Rendered home/index.html.erb within layouts/application (3.0ms)
Completed 200 OK in 11ms (Views: 10.3ms | ActiveRecord: 0.0ms)


Started GET "/entries" for 127.0.0.1 at Thu Apr 14 13:17:37 -0700 2011
  Processing by EntriesController#index as HTML
  [1m[35mEntry Load (0.9ms)[0m  SELECT "entries".* FROM "entries"
Rendered entries/index.html.erb within layouts/application (5.1ms)
Completed 200 OK in 23ms (Views: 14.0ms | ActiveRecord: 0.9ms)
  [1m[36mSQL (1.4ms)[0m  [1m SELECT name
 FROM sqlite_master
 WHERE type = 'table' AND NOT name = 'sqlite_sequence'
[0m
  [1m[35mEntry Load (0.6ms)[0m  SELECT "entries".* FROM "entries" WHERE "entries"."user" = 'one'
  [1m[36mAREL (1.0ms)[0m  [1mINSERT INTO "entries" ("created_at", "updated_at", "todo", "group", "user") VALUES ('2011-04-14 20:18:54.935087', '2011-04-14 20:18:54.935087', NULL, NULL, 'one')[0m


Started GET "/" for 127.0.0.1 at Thu Apr 14 13:19:02 -0700 2011
  Processing by HomeController#index as HTML
Rendered home/index.html.erb within layouts/application (4.8ms)
Completed 200 OK in 14ms (Views: 13.1ms | ActiveRecord: 0.0ms)


Started GET "/entries" for 127.0.0.1 at Thu Apr 14 13:19:03 -0700 2011
  Processing by EntriesController#index as HTML
  [1m[36mEntry Load (0.9ms)[0m  [1mSELECT "entries".* FROM "entries"[0m
Rendered entries/index.html.erb within layouts/application (83.2ms)
Completed 200 OK in 98ms (Views: 91.1ms | ActiveRecord: 0.9ms)
  [1m[35mAREL (0.4ms)[0m  INSERT INTO "entries" ("created_at", "updated_at", "todo", "group", "user") VALUES ('2011-04-14 20:19:36.963255', '2011-04-14 20:19:36.963255', 'testToDo', 'one', 'two')


Started GET "/entries" for 127.0.0.1 at Thu Apr 14 13:19:42 -0700 2011
  Processing by EntriesController#index as HTML
  [1m[35mEntry Load (0.5ms)[0m  SELECT "entries".* FROM "entries"
Rendered entries/index.html.erb within layouts/application (42.2ms)
Completed 200 OK in 54ms (Views: 49.1ms | ActiveRecord: 0.5ms)


Started GET "/" for 127.0.0.1 at Thu Apr 14 13:19:45 -0700 2011
  Processing by HomeController#index as HTML
Rendered home/index.html.erb within layouts/application (3.0ms)
Completed 200 OK in 11ms (Views: 10.6ms | ActiveRecord: 0.0ms)


Started GET "/tododetails" for 127.0.0.1 at Thu Apr 14 13:19:46 -0700 2011
  Processing by TododetailsController#index as HTML
  [1m[36mTododetail Load (0.4ms)[0m  [1mSELECT "tododetails".* FROM "tododetails"[0m
Rendered tododetails/index.html.erb within layouts/application (3.3ms)
Completed 200 OK in 16ms (Views: 10.8ms | ActiveRecord: 0.4ms)
  [1m[36mAREL (0.7ms)[0m  [1mINSERT INTO "tododetails" ("status", "note", "created_at", "todo", "group", "place", "updated_at", "tag", "delivered") VALUES ('in progress', 'this is just a test.', '2011-04-14 20:21:31.921256', 'testToDo', 'one', 'soda hall', '2011-04-14 20:21:31.921256', 'testing', 'no')[0m


Started GET "/tododetails" for 127.0.0.1 at Thu Apr 14 13:21:36 -0700 2011
  Processing by TododetailsController#index as HTML
  [1m[35mTododetail Load (0.5ms)[0m  SELECT "tododetails".* FROM "tododetails"
Rendered tododetails/index.html.erb within layouts/application (77.1ms)
Completed 200 OK in 89ms (Views: 84.0ms | ActiveRecord: 0.5ms)
  [1m[35mSQL (6.1ms)[0m   SELECT name
 FROM sqlite_master
 WHERE type = 'table' AND NOT name = 'sqlite_sequence'
  [1m[36mAREL (6.0ms)[0m  [1mDELETE FROM "entries" WHERE "id"."user" = 'one'[0m
SQLite3::SQLException: no such column: id.user: DELETE FROM "entries" WHERE "id"."user" = 'one'


Started GET "/" for 127.0.0.1 at Thu Apr 14 13:36:40 -0700 2011
  Processing by HomeController#index as HTML
Rendered home/index.html.erb within layouts/application (11.7ms)
Completed 200 OK in 28ms (Views: 26.8ms | ActiveRecord: 0.0ms)


Started GET "/entries" for 127.0.0.1 at Thu Apr 14 13:36:41 -0700 2011
  Processing by EntriesController#index as HTML
  [1m[36mEntry Load (1.7ms)[0m  [1mSELECT "entries".* FROM "entries"[0m
Rendered entries/index.html.erb within layouts/application (329.6ms)
Completed 200 OK in 366ms (Views: 340.3ms | ActiveRecord: 1.7ms)
  [1m[35mSQL (0.4ms)[0m   SELECT name
 FROM sqlite_master
 WHERE type = 'table' AND NOT name = 'sqlite_sequence'
  [1m[36mAREL (0.1ms)[0m  [1mDELETE FROM "entries" WHERE "id"."user" = 'one'[0m
SQLite3::SQLException: no such column: id.user: DELETE FROM "entries" WHERE "id"."user" = 'one'


Started GET "/entries" for 127.0.0.1 at Thu Apr 14 13:38:18 -0700 2011
  Processing by EntriesController#index as HTML
  [1m[35mEntry Load (1.0ms)[0m  SELECT "entries".* FROM "entries"
Rendered entries/index.html.erb within layouts/application (15.5ms)
Completed 200 OK in 33ms (Views: 24.6ms | ActiveRecord: 1.0ms)


Started GET "/entries" for 127.0.0.1 at Thu Apr 14 13:38:21 -0700 2011
  Processing by EntriesController#index as HTML
  [1m[36mEntry Load (0.5ms)[0m  [1mSELECT "entries".* FROM "entries"[0m
Rendered entries/index.html.erb within layouts/application (16.0ms)
Completed 200 OK in 36ms (Views: 30.8ms | ActiveRecord: 0.5ms)
  [1m[35mEntry Load (2.3ms)[0m  SELECT "entries".* FROM "entries" WHERE "entries"."user" = 'one'
  [1m[36mEntry Load (0.3ms)[0m  [1mSELECT "entries".* FROM "entries" WHERE "entries"."user" = 'one'[0m
  [1m[35mEntry Load (0.4ms)[0m  SELECT "entries".* FROM "entries" WHERE "entries"."user" = 'one' LIMIT 1
  [1m[36mEntry Load (0.3ms)[0m  [1mSELECT "entries".* FROM "entries" WHERE "entries"."user" = 'one' LIMIT 1[0m
  [1m[35mAREL (6.7ms)[0m  UPDATE "entries" SET "updated_at" = '2011-04-14 20:41:39.093099', "group" = 'one' WHERE "entries"."id" = 1
  [1m[36mAREL (2.4ms)[0m  [1mDELETE FROM "entries" WHERE "entries"."id" = 1[0m
  [1m[35mSQL (0.3ms)[0m   SELECT name
 FROM sqlite_master
 WHERE type = 'table' AND NOT name = 'sqlite_sequence'
  [1m[36mEntry Load (0.2ms)[0m  [1mSELECT "entries".* FROM "entries" WHERE "entries"."user" = 'one' LIMIT 1[0m


Started GET "/entries" for 127.0.0.1 at Thu Apr 14 13:42:52 -0700 2011
  Processing by EntriesController#index as HTML
  [1m[35mEntry Load (0.9ms)[0m  SELECT "entries".* FROM "entries"
Rendered entries/index.html.erb within layouts/application (13.6ms)
Completed 200 OK in 28ms (Views: 22.1ms | ActiveRecord: 0.9ms)


Started GET "/to_dos" for 127.0.0.1 at Fri Apr 15 01:34:23 -0700 2011

ActionController::RoutingError (No route matches "/to_dos"):
  

Rendered /Library/Ruby/Gems/1.8/gems/actionpack-3.0.6/lib/action_dispatch/middleware/templates/rescues/routing_error.erb within rescues/layout (11.6ms)


Started GET "/" for 128.32.30.77 at Fri Apr 15 15:07:42 -0700 2011
  Processing by HomeController#index as HTML
Rendered home/index.html.erb within layouts/application (8.5ms)
Completed 200 OK in 23ms (Views: 22.0ms | ActiveRecord: 0.0ms)


Started GET "/" for 128.32.30.77 at Fri Apr 15 15:22:49 -0700 2011
  Processing by HomeController#index as HTML
Rendered home/index.html.erb within layouts/application (4.4ms)
Completed 200 OK in 19ms (Views: 18.9ms | ActiveRecord: 0.0ms)


Started GET "/" for 128.32.30.77 at Fri Apr 15 15:22:49 -0700 2011
  Processing by HomeController#index as HTML
Rendered home/index.html.erb within layouts/application (3.2ms)
Completed 200 OK in 12ms (Views: 10.4ms | ActiveRecord: 0.0ms)


Started GET "/" for 128.32.30.77 at Fri Apr 15 15:22:49 -0700 2011
  Processing by HomeController#index as HTML
Rendered home/index.html.erb within layouts/application (8.7ms)
Completed 200 OK in 16ms (Views: 15.8ms | ActiveRecord: 0.0ms)


Started GET "/" for 128.32.30.77 at Fri Apr 15 15:22:49 -0700 2011
  Processing by HomeController#index as HTML
Rendered home/index.html.erb within layouts/application (3.1ms)
Completed 200 OK in 12ms (Views: 11.7ms | ActiveRecord: 0.0ms)


Started GET "/" for 128.32.30.77 at Fri Apr 15 15:37:36 -0700 2011
  Processing by HomeController#index as HTML
Rendered home/index.html.erb within layouts/application (7.9ms)
Completed 200 OK in 17ms (Views: 16.5ms | ActiveRecord: 0.0ms)


Started GET "/" for 128.32.30.77 at Fri Apr 15 15:37:36 -0700 2011
  Processing by HomeController#index as HTML
Rendered home/index.html.erb within layouts/application (3.0ms)
Completed 200 OK in 10ms (Views: 9.9ms | ActiveRecord: 0.0ms)


Started GET "/" for 128.32.30.77 at Fri Apr 15 15:37:36 -0700 2011
  Processing by HomeController#index as HTML
Rendered home/index.html.erb within layouts/application (3.2ms)
Completed 200 OK in 10ms (Views: 10.0ms | ActiveRecord: 0.0ms)


Started GET "/" for 128.32.30.77 at Fri Apr 15 15:37:36 -0700 2011
  Processing by HomeController#index as HTML
Rendered home/index.html.erb within layouts/application (3.2ms)
Completed 200 OK in 10ms (Views: 10.0ms | ActiveRecord: 0.0ms)


Started GET "/" for 128.32.30.77 at Fri Apr 15 15:52:45 -0700 2011
  Processing by HomeController#index as HTML
Rendered home/index.html.erb within layouts/application (3.4ms)
Completed 200 OK in 12ms (Views: 12.0ms | ActiveRecord: 0.0ms)


Started GET "/" for 128.32.30.77 at Fri Apr 15 15:52:45 -0700 2011
  Processing by HomeController#index as HTML
Rendered home/index.html.erb within layouts/application (2.9ms)
Completed 200 OK in 10ms (Views: 9.6ms | ActiveRecord: 0.0ms)


Started GET "/" for 128.32.30.77 at Fri Apr 15 15:52:45 -0700 2011
  Processing by HomeController#index as HTML
Rendered home/index.html.erb within layouts/application (14.8ms)
Completed 200 OK in 22ms (Views: 21.5ms | ActiveRecord: 0.0ms)


Started GET "/" for 128.32.30.77 at Fri Apr 15 15:52:45 -0700 2011
  Processing by HomeController#index as HTML
Rendered home/index.html.erb within layouts/application (3.0ms)
Completed 200 OK in 10ms (Views: 9.5ms | ActiveRecord: 0.0ms)


Started GET "/" for 128.32.30.77 at Fri Apr 15 16:07:27 -0700 2011
  Processing by HomeController#index as HTML
Rendered home/index.html.erb within layouts/application (12.9ms)
Completed 200 OK in 39ms (Views: 31.0ms | ActiveRecord: 0.0ms)


Started GET "/" for 128.32.30.77 at Fri Apr 15 16:07:27 -0700 2011
  Processing by HomeController#index as HTML
Rendered home/index.html.erb within layouts/application (13.1ms)
Completed 200 OK in 34ms (Views: 33.3ms | ActiveRecord: 0.0ms)


Started GET "/" for 128.32.30.77 at Fri Apr 15 16:07:28 -0700 2011
  Processing by HomeController#index as HTML
Rendered home/index.html.erb within layouts/application (7.0ms)
Completed 200 OK in 27ms (Views: 26.4ms | ActiveRecord: 0.0ms)


Started GET "/" for 128.32.30.77 at Fri Apr 15 16:07:28 -0700 2011
  Processing by HomeController#index as HTML
Rendered home/index.html.erb within layouts/application (12.2ms)
Completed 200 OK in 38ms (Views: 36.8ms | ActiveRecord: 0.0ms)


Started GET "/entries" for 127.0.0.1 at Fri Apr 15 16:21:59 -0700 2011
  Processing by EntriesController#index as HTML
  [1m[36mEntry Load (0.7ms)[0m  [1mSELECT "entries".* FROM "entries"[0m
Rendered entries/index.html.erb within layouts/application (264.2ms)
Completed 200 OK in 303ms (Views: 282.8ms | ActiveRecord: 0.7ms)


Started GET "/" for 128.32.30.77 at Fri Apr 15 16:36:20 -0700 2011
  Processing by HomeController#index as HTML
Rendered home/index.html.erb within layouts/application (3.5ms)
Completed 200 OK in 13ms (Views: 12.5ms | ActiveRecord: 0.0ms)


Started GET "/" for 128.32.30.77 at Fri Apr 15 16:36:21 -0700 2011
  Processing by HomeController#index as HTML
Rendered home/index.html.erb within layouts/application (3.2ms)
Completed 200 OK in 10ms (Views: 10.1ms | ActiveRecord: 0.0ms)


Started GET "/" for 128.32.30.77 at Fri Apr 15 16:36:21 -0700 2011
  Processing by HomeController#index as HTML
Rendered home/index.html.erb within layouts/application (4.5ms)
Completed 200 OK in 17ms (Views: 15.2ms | ActiveRecord: 0.0ms)


Started GET "/" for 128.32.30.77 at Fri Apr 15 16:36:21 -0700 2011
  Processing by HomeController#index as HTML
Rendered home/index.html.erb within layouts/application (3.1ms)
Completed 200 OK in 10ms (Views: 9.7ms | ActiveRecord: 0.0ms)


Started GET "/" for 128.32.30.77 at Fri Apr 15 16:51:04 -0700 2011
  Processing by HomeController#index as HTML
Rendered home/index.html.erb within layouts/application (3.5ms)
Completed 200 OK in 12ms (Views: 11.7ms | ActiveRecord: 0.0ms)


Started GET "/" for 128.32.30.77 at Fri Apr 15 16:51:04 -0700 2011
  Processing by HomeController#index as HTML
Rendered home/index.html.erb within layouts/application (3.1ms)
Completed 200 OK in 10ms (Views: 9.5ms | ActiveRecord: 0.0ms)


Started GET "/" for 128.32.30.77 at Fri Apr 15 16:51:05 -0700 2011
  Processing by HomeController#index as HTML
Rendered home/index.html.erb within layouts/application (2.9ms)
Completed 200 OK in 10ms (Views: 9.6ms | ActiveRecord: 0.0ms)


Started GET "/" for 128.32.30.77 at Fri Apr 15 16:51:05 -0700 2011
  Processing by HomeController#index as HTML
Rendered home/index.html.erb within layouts/application (2.9ms)
Completed 200 OK in 10ms (Views: 9.5ms | ActiveRecord: 0.0ms)


Started GET "/" for 127.0.0.1 at Fri Apr 15 17:02:49 -0700 2011
  Processing by HomeController#index as HTML
Rendered home/index.html.erb within layouts/application (3.2ms)
Completed 200 OK in 14ms (Views: 13.1ms | ActiveRecord: 0.0ms)


Started GET "/entries" for 127.0.0.1 at Fri Apr 15 17:02:52 -0700 2011
  Processing by EntriesController#index as HTML
  [1m[36mEntry Load (0.9ms)[0m  [1mSELECT "entries".* FROM "entries"[0m
Rendered entries/index.html.erb within layouts/application (71.5ms)
Completed 200 OK in 111ms (Views: 81.2ms | ActiveRecord: 0.9ms)


Started GET "/" for 127.0.0.1 at Fri Apr 15 17:02:54 -0700 2011
  Processing by HomeController#index as HTML
Rendered home/index.html.erb within layouts/application (3.2ms)
Completed 200 OK in 13ms (Views: 12.4ms | ActiveRecord: 0.0ms)


Started GET "/tododetails" for 127.0.0.1 at Fri Apr 15 17:02:55 -0700 2011
  Processing by TododetailsController#index as HTML
  [1m[35mTododetail Load (0.8ms)[0m  SELECT "tododetails".* FROM "tododetails"
Rendered tododetails/index.html.erb within layouts/application (78.2ms)
Completed 200 OK in 94ms (Views: 87.5ms | ActiveRecord: 0.8ms)


Started GET "/" for 127.0.0.1 at Fri Apr 15 17:02:58 -0700 2011
  Processing by HomeController#index as HTML
Rendered home/index.html.erb within layouts/application (3.8ms)
Completed 200 OK in 12ms (Views: 12.0ms | ActiveRecord: 0.0ms)
